Start testing: Aug 09 09:04 UTC
----------------------------------------------------------
1/1 Testing: engine-tests
1/1 Test: engine-tests
Command: "/workspace/services/execution-cpp/build/engine-tests"
Directory: /workspace/services/execution-cpp/build
"engine-tests" start time: Aug 09 09:04 UTC
Output:
----------------------------------------------------------
engine-tests: OK
<end of output>
Test time =   0.00 sec
----------------------------------------------------------
Test Passed.
"engine-tests" end time: Aug 09 09:04 UTC
"engine-tests" time elapsed: 00:00:00
----------------------------------------------------------

End testing: Aug 09 09:04 UTC
